Base path: '/Applications/Unity/Hub/Editor/2020.3.14f1/Unity.app/Contents', plugins path '/Applications/Unity/Hub/Editor/2020.3.14f1/Unity.app/Contents/PlaybackEngines'
Cmd: initializeCompiler

Cmd: compileSnippet
  insize=2147 file=Assets/SoftEffects/Shaders/SoftEffects/SoftShaderFontWithShadows pass=Shadow Pass cachingPP=1 ppOnly=0 stripLineD=0 buildPlatform=13 rsLen=0 pKW=UNITY_NO_DXT5nm UNITY_ENABLE_REFLECTION_BUFFERS UNITY_NO_CUBEMAP_ARRAY UNITY_NO_SCREENSPACE_SHADOWS UNITY_PBS_USE_BRDF2 SHADER_API_DESKTOP UNITY_HARDWARE_TIER3 UNITY_COLORSPACE_GAMMA UNITY_LIGHTMAP_DLDR_ENCODING uKW= dKW=UNITY_UI_ALPHACLIP UNITY_ENABLE_NATIVE_SHADOW_LOOKUPS UNITY_METAL_SHADOWS_USE_POINT_FILTERING UNITY_USE_DITHER_MASK_FOR_ALPHABLENDED_SHADOWS UNITY_PBS_USE_BRDF1 UNITY_PBS_USE_BRDF3 UNITY_NO_FULL_STANDARD_SHADER UNITY_SPECCUBE_BOX_PROJECTION UNITY_SPECCUBE_BLENDING UNITY_ENABLE_DETAIL_NORMALMAP UNITY_HARDWARE_TIER1 UNITY_HARDWARE_TIER2 UNITY_LIGHT_PROBE_PROXY_VOLUME UNITY_HALF_PRECISION_FRAGMENT_SHADER_REGISTERS UNITY_LIGHTMAP_RGBM_ENCODING UNITY_LIGHTMAP_FULL_HDR UNITY_VIRTUAL_TEXTURING UNITY_PRETRANSFORM_TO_DISPLAY_ORIENTATION UNITY_ASTC_NORMALMAP_ENCODING SHADER_API_GLES30 flags=0 lang=0 type=Vertex platform=metal reqs=1 mask=6 start=53 ok=1 outsize=1754

Cmd: compileComputeKernel
  insize=106333 file=/Users/idonghui/Desktop/unity/Mugunghwa/mugunghwa/Assets/SoftEffects/Shaders/SoftEffectsCompute.compute kernel=CSDistMAAFloatInverse cachingPP=1 ppOnly=0 stripLineD=0 buildPlatform=13 km=<UNITY_VERSION=202039> pKW=UNITY_NO_DXT5nm UNITY_ENABLE_REFLECTION_BUFFERS UNITY_NO_CUBEMAP_ARRAY UNITY_NO_SCREENSPACE_SHADOWS UNITY_PBS_USE_BRDF2 UNITY_COLORSPACE_GAMMA UNITY_LIGHTMAP_DLDR_ENCODING uKW=SHADER_STAGE_COMPUTE platform=metal flags=4096  error: 1 plat 14 at SoftEffectsCompute.compute(674): implicit truncation of vector type
  error: 1 plat 14 at SoftEffectsCompute.compute(722): implicit truncation of vector type
  error: 1 plat 14 at SoftEffectsCompute.compute(769): implicit truncation of vector type
  error: 1 plat 14 at SoftEffectsCompute.compute(817): implicit truncation of vector type
 ok=1 outsize=3332

Cmd: compileComputeKernel
  insize=106333 file=/Users/idonghui/Desktop/unity/Mugunghwa/mugunghwa/Assets/SoftEffects/Shaders/SoftEffectsCompute.compute kernel=CSDistM cachingPP=1 ppOnly=0 stripLineD=0 buildPlatform=13 km=<UNITY_VERSION=202039> pKW=UNITY_NO_DXT5nm UNITY_ENABLE_REFLECTION_BUFFERS UNITY_NO_CUBEMAP_ARRAY UNITY_NO_SCREENSPACE_SHADOWS UNITY_PBS_USE_BRDF2 UNITY_COLORSPACE_GAMMA UNITY_LIGHTMAP_DLDR_ENCODING uKW=SHADER_STAGE_COMPUTE platform=metal flags=4096  error: 1 plat 14 at SoftEffectsCompute.compute(674): implicit truncation of vector type
  error: 1 plat 14 at SoftEffectsCompute.compute(722): implicit truncation of vector type
  error: 1 plat 14 at SoftEffectsCompute.compute(769): implicit truncation of vector type
  error: 1 plat 14 at SoftEffectsCompute.compute(817): implicit truncation of vector type
 ok=1 outsize=2605

Cmd: compileComputeKernel
  insize=106333 file=/Users/idonghui/Desktop/unity/Mugunghwa/mugunghwa/Assets/SoftEffects/Shaders/SoftEffectsCompute.compute kernel=CSHorBlur8_BUF cachingPP=1 ppOnly=0 stripLineD=0 buildPlatform=13 km=<UNITY_VERSION=202039> pKW=UNITY_NO_DXT5nm UNITY_ENABLE_REFLECTION_BUFFERS UNITY_NO_CUBEMAP_ARRAY UNITY_NO_SCREENSPACE_SHADOWS UNITY_PBS_USE_BRDF2 UNITY_COLORSPACE_GAMMA UNITY_LIGHTMAP_DLDR_ENCODING uKW=SHADER_STAGE_COMPUTE platform=metal flags=4096  error: 1 plat 14 at SoftEffectsCompute.compute(674): implicit truncation of vector type
  error: 1 plat 14 at SoftEffectsCompute.compute(722): implicit truncation of vector type
  error: 1 plat 14 at SoftEffectsCompute.compute(769): implicit truncation of vector type
  error: 1 plat 14 at SoftEffectsCompute.compute(817): implicit truncation of vector type
 ok=1 outsize=3058

Cmd: compileComputeKernel
  insize=106333 file=/Users/idonghui/Desktop/unity/Mugunghwa/mugunghwa/Assets/SoftEffects/Shaders/SoftEffectsCompute.compute kernel=CSCopyAR8 cachingPP=1 ppOnly=0 stripLineD=0 buildPlatform=13 km=<UNITY_VERSION=202039> pKW=UNITY_NO_DXT5nm UNITY_ENABLE_REFLECTION_BUFFERS UNITY_NO_CUBEMAP_ARRAY UNITY_NO_SCREENSPACE_SHADOWS UNITY_PBS_USE_BRDF2 UNITY_COLORSPACE_GAMMA UNITY_LIGHTMAP_DLDR_ENCODING uKW=SHADER_STAGE_COMPUTE platform=metal flags=4096  error: 1 plat 14 at SoftEffectsCompute.compute(674): implicit truncation of vector type
  error: 1 plat 14 at SoftEffectsCompute.compute(722): implicit truncation of vector type
  error: 1 plat 14 at SoftEffectsCompute.compute(769): implicit truncation of vector type
  error: 1 plat 14 at SoftEffectsCompute.compute(817): implicit truncation of vector type
 ok=1 outsize=823

Cmd: compileComputeKernel
  insize=106333 file=/Users/idonghui/Desktop/unity/Mugunghwa/mugunghwa/Assets/SoftEffects/Shaders/SoftEffectsCompute.compute kernel=CSDistMEAAFloatSigned cachingPP=1 ppOnly=0 stripLineD=0 buildPlatform=13 km=<UNITY_VERSION=202039> pKW=UNITY_NO_DXT5nm UNITY_ENABLE_REFLECTION_BUFFERS UNITY_NO_CUBEMAP_ARRAY UNITY_NO_SCREENSPACE_SHADOWS UNITY_PBS_USE_BRDF2 UNITY_COLORSPACE_GAMMA UNITY_LIGHTMAP_DLDR_ENCODING uKW=SHADER_STAGE_COMPUTE platform=metal flags=4096  error: 1 plat 14 at SoftEffectsCompute.compute(674): implicit truncation of vector type
  error: 1 plat 14 at SoftEffectsCompute.compute(722): implicit truncation of vector type
  error: 1 plat 14 at SoftEffectsCompute.compute(769): implicit truncation of vector type
  error: 1 plat 14 at SoftEffectsCompute.compute(817): implicit truncation of vector type
  error: 1 plat 14 at SoftEffectsCompute.compute(3196): integer divides may be much slower, try using uints if possible.
 ok=1 outsize=7634

Cmd: compileComputeKernel
  insize=106333 file=/Users/idonghui/Desktop/unity/Mugunghwa/mugunghwa/Assets/SoftEffects/Shaders/SoftEffectsCompute.compute kernel=CSSepBevelCutOut cachingPP=1 ppOnly=0 stripLineD=0 buildPlatform=13 km=<UNITY_VERSION=202039> pKW=UNITY_NO_DXT5nm UNITY_ENABLE_REFLECTION_BUFFERS UNITY_NO_CUBEMAP_ARRAY UNITY_NO_SCREENSPACE_SHADOWS UNITY_PBS_USE_BRDF2 UNITY_COLORSPACE_GAMMA UNITY_LIGHTMAP_DLDR_ENCODING uKW=SHADER_STAGE_COMPUTE platform=metal flags=4096  error: 1 plat 14 at SoftEffectsCompute.compute(674): implicit truncation of vector type
  error: 1 plat 14 at SoftEffectsCompute.compute(722): implicit truncation of vector type
  error: 1 plat 14 at SoftEffectsCompute.compute(769): implicit truncation of vector type
  error: 1 plat 14 at SoftEffectsCompute.compute(817): implicit truncation of vector type
 ok=1 outsize=2086

Cmd: compileComputeKernel
  insize=106333 file=/Users/idonghui/Desktop/unity/Mugunghwa/mugunghwa/Assets/SoftEffects/Shaders/SoftEffectsCompute.compute kernel=CSFill cachingPP=1 ppOnly=0 stripLineD=0 buildPlatform=13 km=<UNITY_VERSION=202039> pKW=UNITY_NO_DXT5nm UNITY_ENABLE_REFLECTION_BUFFERS UNITY_NO_CUBEMAP_ARRAY UNITY_NO_SCREENSPACE_SHADOWS UNITY_PBS_USE_BRDF2 UNITY_COLORSPACE_GAMMA UNITY_LIGHTMAP_DLDR_ENCODING uKW=SHADER_STAGE_COMPUTE platform=metal flags=4096  error: 1 plat 14 at SoftEffectsCompute.compute(674): implicit truncation of vector type
  error: 1 plat 14 at SoftEffectsCompute.compute(722): implicit truncation of vector type
  error: 1 plat 14 at SoftEffectsCompute.compute(769): implicit truncation of vector type
  error: 1 plat 14 at SoftEffectsCompute.compute(817): implicit truncation of vector type
 ok=1 outsize=684

Cmd: compileComputeKernel
  insize=106333 file=/Users/idonghui/Desktop/unity/Mugunghwa/mugunghwa/Assets/SoftEffects/Shaders/SoftEffectsCompute.compute kernel=NormalizeF cachingPP=1 ppOnly=0 stripLineD=0 buildPlatform=13 km=<UNITY_VERSION=202039> pKW=UNITY_NO_DXT5nm UNITY_NO_RGBM UNITY_ENABLE_REFLECTION_BUFFERS UNITY_FRAMEBUFFER_FETCH_AVAILABLE UNITY_NO_CUBEMAP_ARRAY UNITY_NO_SCREENSPACE_SHADOWS UNITY_PBS_USE_BRDF2 SHADER_API_MOBILE UNITY_COLORSPACE_GAMMA UNITY_LIGHTMAP_DLDR_ENCODING SHADER_API_GLES30 uKW=SHADER_STAGE_COMPUTE platform=gles3 flags=268439552  error: 1 plat 9 at SoftEffectsCompute.compute(674): implicit truncation of vector type
  error: 1 plat 9 at SoftEffectsCompute.compute(722): implicit truncation of vector type
  error: 1 plat 9 at SoftEffectsCompute.compute(769): implicit truncation of vector type
  error: 1 plat 9 at SoftEffectsCompute.compute(817): implicit truncation of vector type
 ok=1 outsize=1917

Cmd: compileComputeKernel
  insize=106333 file=/Users/idonghui/Desktop/unity/Mugunghwa/mugunghwa/Assets/SoftEffects/Shaders/SoftEffectsCompute.compute kernel=CSShadowCombiner cachingPP=1 ppOnly=0 stripLineD=0 buildPlatform=13 km=<UNITY_VERSION=202039> pKW=UNITY_NO_DXT5nm UNITY_NO_RGBM UNITY_ENABLE_REFLECTION_BUFFERS UNITY_FRAMEBUFFER_FETCH_AVAILABLE UNITY_NO_CUBEMAP_ARRAY UNITY_NO_SCREENSPACE_SHADOWS UNITY_PBS_USE_BRDF2 SHADER_API_MOBILE UNITY_COLORSPACE_GAMMA UNITY_LIGHTMAP_DLDR_ENCODING SHADER_API_GLES30 uKW=SHADER_STAGE_COMPUTE platform=gles3 flags=268439552  error: 1 plat 9 at SoftEffectsCompute.compute(674): implicit truncation of vector type
  error: 1 plat 9 at SoftEffectsCompute.compute(722): implicit truncation of vector type
  error: 1 plat 9 at SoftEffectsCompute.compute(769): implicit truncation of vector type
  error: 1 plat 9 at SoftEffectsCompute.compute(817): implicit truncation of vector type
 ok=1 outsize=4289

Cmd: compileComputeKernel
  insize=106333 file=/Users/idonghui/Desktop/unity/Mugunghwa/mugunghwa/Assets/SoftEffects/Shaders/SoftEffectsCompute.compute kernel=CSDistBufferToStroke_R8 cachingPP=1 ppOnly=0 stripLineD=0 buildPlatform=13 km=<UNITY_VERSION=202039> pKW=UNITY_NO_DXT5nm UNITY_NO_RGBM UNITY_ENABLE_REFLECTION_BUFFERS UNITY_FRAMEBUFFER_FETCH_AVAILABLE UNITY_NO_CUBEMAP_ARRAY UNITY_NO_SCREENSPACE_SHADOWS UNITY_PBS_USE_BRDF2 SHADER_API_MOBILE UNITY_COLORSPACE_GAMMA UNITY_LIGHTMAP_DLDR_ENCODING SHADER_API_GLES30 uKW=SHADER_STAGE_COMPUTE platform=gles3 flags=268439552  error: 1 plat 9 at SoftEffectsCompute.compute(674): implicit truncation of vector type
  error: 1 plat 9 at SoftEffectsCompute.compute(722): implicit truncation of vector type
  error: 1 plat 9 at SoftEffectsCompute.compute(769): implicit truncation of vector type
  error: 1 plat 9 at SoftEffectsCompute.compute(817): implicit truncation of vector type
 ok=1 outsize=2405

Cmd: compileComputeKernel
  insize=106333 file=/Users/idonghui/Desktop/unity/Mugunghwa/mugunghwa/Assets/SoftEffects/Shaders/SoftEffectsCompute.compute kernel=CSDistBufferToInnerGlowPrec_R8 cachingPP=1 ppOnly=0 stripLineD=0 buildPlatform=13 km=<UNITY_VERSION=202039> pKW=UNITY_NO_DXT5nm UNITY_NO_RGBM UNITY_ENABLE_REFLECTION_BUFFERS UNITY_FRAMEBUFFER_FETCH_AVAILABLE UNITY_NO_CUBEMAP_ARRAY UNITY_NO_SCREENSPACE_SHADOWS UNITY_PBS_USE_BRDF2 SHADER_API_MOBILE UNITY_COLORSPACE_GAMMA UNITY_LIGHTMAP_DLDR_ENCODING SHADER_API_GLES30 uKW=SHADER_STAGE_COMPUTE platform=gles3 flags=268439552  error: 1 plat 9 at SoftEffectsCompute.compute(674): implicit truncation of vector type
  error: 1 plat 9 at SoftEffectsCompute.compute(722): implicit truncation of vector type
  error: 1 plat 9 at SoftEffectsCompute.compute(769): implicit truncation of vector type
  error: 1 plat 9 at SoftEffectsCompute.compute(817): implicit truncation of vector type
 ok=1 outsize=3509

Cmd: compileComputeKernel
  insize=106333 file=/Users/idonghui/Desktop/unity/Mugunghwa/mugunghwa/Assets/SoftEffects/Shaders/SoftEffectsCompute.compute kernel=CSSepBevelCutInSmooth cachingPP=1 ppOnly=0 stripLineD=0 buildPlatform=13 km=<UNITY_VERSION=202039> pKW=UNITY_NO_DXT5nm UNITY_NO_RGBM UNITY_ENABLE_REFLECTION_BUFFERS UNITY_FRAMEBUFFER_FETCH_AVAILABLE UNITY_NO_CUBEMAP_ARRAY UNITY_NO_SCREENSPACE_SHADOWS UNITY_PBS_USE_BRDF2 SHADER_API_MOBILE UNITY_COLORSPACE_GAMMA UNITY_LIGHTMAP_DLDR_ENCODING SHADER_API_GLES30 uKW=SHADER_STAGE_COMPUTE platform=gles3 flags=268439552  error: 1 plat 9 at SoftEffectsCompute.compute(674): implicit truncation of vector type
  error: 1 plat 9 at SoftEffectsCompute.compute(722): implicit truncation of vector type
  error: 1 plat 9 at SoftEffectsCompute.compute(769): implicit truncation of vector type
  error: 1 plat 9 at SoftEffectsCompute.compute(817): implicit truncation of vector type
 ok=1 outsize=1909

Cmd: compileComputeKernel
  insize=106333 file=/Users/idonghui/Desktop/unity/Mugunghwa/mugunghwa/Assets/SoftEffects/Shaders/SoftEffectsCompute.compute kernel=CSMask cachingPP=1 ppOnly=0 stripLineD=0 buildPlatform=13 km=<UNITY_VERSION=202039> pKW=UNITY_NO_DXT5nm UNITY_NO_RGBM UNITY_ENABLE_REFLECTION_BUFFERS UNITY_FRAMEBUFFER_FETCH_AVAILABLE UNITY_NO_CUBEMAP_ARRAY UNITY_NO_SCREENSPACE_SHADOWS UNITY_PBS_USE_BRDF2 SHADER_API_MOBILE UNITY_COLORSPACE_GAMMA UNITY_LIGHTMAP_DLDR_ENCODING SHADER_API_GLES30 uKW=SHADER_STAGE_COMPUTE platform=gles3 flags=268439552  error: 1 plat 9 at SoftEffectsCompute.compute(674): implicit truncation of vector type
  error: 1 plat 9 at SoftEffectsCompute.compute(722): implicit truncation of vector type
  error: 1 plat 9 at SoftEffectsCompute.compute(769): implicit truncation of vector type
  error: 1 plat 9 at SoftEffectsCompute.compute(817): implicit truncation of vector type
 ok=1 outsize=1457

Cmd: compileComputeKernel
  insize=106333 file=/Users/idonghui/Desktop/unity/Mugunghwa/mugunghwa/Assets/SoftEffects/Shaders/SoftEffectsCompute.compute kernel=CSDistBufferToStroke cachingPP=1 ppOnly=0 stripLineD=0 buildPlatform=13 km=<UNITY_VERSION=202039> pKW=UNITY_NO_DXT5nm UNITY_NO_RGBM UNITY_ENABLE_REFLECTION_BUFFERS UNITY_NO_CUBEMAP_ARRAY UNITY_NO_SCREENSPACE_SHADOWS UNITY_PBS_USE_BRDF2 SHADER_API_MOBILE UNITY_COLORSPACE_GAMMA UNITY_LIGHTMAP_DLDR_ENCODING uKW=SHADER_STAGE_COMPUTE platform=vulkan flags=268439552  error: 1 plat 18 at SoftEffectsCompute.compute(674): implicit truncation of vector type
  error: 1 plat 18 at SoftEffectsCompute.compute(722): implicit truncation of vector type
  error: 1 plat 18 at SoftEffectsCompute.compute(769): implicit truncation of vector type
  error: 1 plat 18 at SoftEffectsCompute.compute(817): implicit truncation of vector type
 ok=1 outsize=4841

Cmd: compileComputeKernel
  insize=106333 file=/Users/idonghui/Desktop/unity/Mugunghwa/mugunghwa/Assets/SoftEffects/Shaders/SoftEffectsCompute.compute kernel=CSCosineMap cachingPP=1 ppOnly=0 stripLineD=0 buildPlatform=13 km=<UNITY_VERSION=202039> pKW=UNITY_NO_DXT5nm UNITY_NO_RGBM UNITY_ENABLE_REFLECTION_BUFFERS UNITY_NO_CUBEMAP_ARRAY UNITY_NO_SCREENSPACE_SHADOWS UNITY_PBS_USE_BRDF2 SHADER_API_MOBILE UNITY_COLORSPACE_GAMMA UNITY_LIGHTMAP_DLDR_ENCODING uKW=SHADER_STAGE_COMPUTE platform=vulkan flags=268439552  error: 1 plat 18 at SoftEffectsCompute.compute(674): implicit truncation of vector type
  error: 1 plat 18 at SoftEffectsCompute.compute(722): implicit truncation of vector type
  error: 1 plat 18 at SoftEffectsCompute.compute(769): implicit truncation of vector type
  error: 1 plat 18 at SoftEffectsCompute.compute(817): implicit truncation of vector type
 ok=1 outsize=5866

Cmd: compileComputeKernel
  insize=106333 file=/Users/idonghui/Desktop/unity/Mugunghwa/mugunghwa/Assets/SoftEffects/Shaders/SoftEffectsCompute.compute kernel=CSHorBlur16_BUF cachingPP=1 ppOnly=0 stripLineD=0 buildPlatform=13 km=<UNITY_VERSION=202039> pKW=UNITY_NO_DXT5nm UNITY_NO_RGBM UNITY_ENABLE_REFLECTION_BUFFERS UNITY_NO_CUBEMAP_ARRAY UNITY_NO_SCREENSPACE_SHADOWS UNITY_PBS_USE_BRDF2 SHADER_API_MOBILE UNITY_COLORSPACE_GAMMA UNITY_LIGHTMAP_DLDR_ENCODING uKW=SHADER_STAGE_COMPUTE platform=vulkan flags=268439552  error: 1 plat 18 at SoftEffectsCompute.compute(674): implicit truncation of vector type
  error: 1 plat 18 at SoftEffectsCompute.compute(722): implicit truncation of vector type
  error: 1 plat 18 at SoftEffectsCompute.compute(769): implicit truncation of vector type
  error: 1 plat 18 at SoftEffectsCompute.compute(817): implicit truncation of vector type
 ok=1 outsize=6335

Cmd: compileComputeKernel
  insize=106333 file=/Users/idonghui/Desktop/unity/Mugunghwa/mugunghwa/Assets/SoftEffects/Shaders/SoftEffectsCompute.compute kernel=CSBoxBlurPass_AR8 cachingPP=1 ppOnly=0 stripLineD=0 buildPlatform=13 km=<UNITY_VERSION=202039> pKW=UNITY_NO_DXT5nm UNITY_NO_RGBM UNITY_ENABLE_REFLECTION_BUFFERS UNITY_NO_CUBEMAP_ARRAY UNITY_NO_SCREENSPACE_SHADOWS UNITY_PBS_USE_BRDF2 SHADER_API_MOBILE UNITY_COLORSPACE_GAMMA UNITY_LIGHTMAP_DLDR_ENCODING uKW=SHADER_STAGE_COMPUTE platform=vulkan flags=268439552  error: 1 plat 18 at SoftEffectsCompute.compute(674): implicit truncation of vector type
  error: 1 plat 18 at SoftEffectsCompute.compute(722): implicit truncation of vector type
  error: 1 plat 18 at SoftEffectsCompute.compute(769): implicit truncation of vector type
  error: 1 plat 18 at SoftEffectsCompute.compute(817): implicit truncation of vector type
 ok=1 outsize=6558

Cmd: compileComputeKernel
  insize=106333 file=/Users/idonghui/Desktop/unity/Mugunghwa/mugunghwa/Assets/SoftEffects/Shaders/SoftEffectsCompute.compute kernel=CSDistBufferToOuterGlowPrec_R8 cachingPP=1 ppOnly=0 stripLineD=0 buildPlatform=13 km=<UNITY_VERSION=202039> pKW=UNITY_NO_DXT5nm UNITY_NO_RGBM UNITY_ENABLE_REFLECTION_BUFFERS UNITY_NO_CUBEMAP_ARRAY UNITY_NO_SCREENSPACE_SHADOWS UNITY_PBS_USE_BRDF2 SHADER_API_MOBILE UNITY_COLORSPACE_GAMMA UNITY_LIGHTMAP_DLDR_ENCODING uKW=SHADER_STAGE_COMPUTE platform=vulkan flags=268439552  error: 1 plat 18 at SoftEffectsCompute.compute(674): implicit truncation of vector type
  error: 1 plat 18 at SoftEffectsCompute.compute(722): implicit truncation of vector type
  error: 1 plat 18 at SoftEffectsCompute.compute(769): implicit truncation of vector type
  error: 1 plat 18 at SoftEffectsCompute.compute(817): implicit truncation of vector type
 ok=1 outsize=6101

Cmd: compileComputeKernel
  insize=106333 file=/Users/idonghui/Desktop/unity/Mugunghwa/mugunghwa/Assets/SoftEffects/Shaders/SoftEffectsCompute.compute kernel=CSVerBlur cachingPP=1 ppOnly=0 stripLineD=0 buildPlatform=13 km=<UNITY_VERSION=202039> pKW=UNITY_NO_DXT5nm UNITY_NO_RGBM UNITY_ENABLE_REFLECTION_BUFFERS UNITY_NO_CUBEMAP_ARRAY UNITY_NO_SCREENSPACE_SHADOWS UNITY_PBS_USE_BRDF2 SHADER_API_MOBILE UNITY_COLORSPACE_GAMMA UNITY_LIGHTMAP_DLDR_ENCODING uKW=SHADER_STAGE_COMPUTE platform=vulkan flags=268439552  error: 1 plat 18 at SoftEffectsCompute.compute(674): implicit truncation of vector type
  error: 1 plat 18 at SoftEffectsCompute.compute(722): implicit truncation of vector type
  error: 1 plat 18 at SoftEffectsCompute.compute(769): implicit truncation of vector type
  error: 1 plat 18 at SoftEffectsCompute.compute(817): implicit truncation of vector type
 ok=1 outsize=8520

Cmd: shutdown

Quitting shader compiler process
